#
# There is insufficient memory for the Java Runtime Environment to continue.
# Native memory allocation (mmap) failed to map 67108864 bytes for Failed to commit area from 0x00000000c0e00000 to 0x00000000c4e00000 of length 67108864.
# Possible reasons:
#   The system is out of physical RAM or swap space
#   The process is running with CompressedOops enabled, and the Java Heap may be blocking the growth of the native heap
# Possible solutions:
#   Reduce memory load on the system
#   Increase physical memory or swap space
#   Check if swap backing store is full
#   Decrease Java heap size (-Xmx/-Xms)
#   Decrease number of Java threads
#   Decrease Java thread stack sizes (-Xss)
#   Set larger code cache with -XX:ReservedCodeCacheSize=
# This output file may be truncated or incomplete.
#
#  Out of Memory Error (t:/workspace/open/src/hotspot/os/windows/os_windows.cpp:3301), pid=10788, tid=11516
#
# JRE version:  (13.0.1+9) (build )
# Java VM: Java HotSpot(TM) 64-Bit Server VM (13.0.1+9, mixed mode, aot, sharing, tiered, compressed oops, g1 gc, windows-amd64)
# No core dump will be written. Minidumps are not enabled by default on client versions of Windows
#

---------------  S U M M A R Y ------------

Command Line: --enable-preview -Dfile.encoding=UTF-8 ChooserLauncher

Host: AMD Ryzen 5 2600 Six-Core Processor            , 12 cores, 3G,  Windows 10 , 64 bit Build 18362 (10.0.18362.329)
Time: Wed Apr  1 22:28:10 2020 GMT Summer Time elapsed time: 0 seconds (0d 0h 0m 0s)

---------------  T H R E A D  ---------------

Current thread (0x000001b251e1e000):  JavaThread "Unknown thread" [_thread_in_vm, id=11516, stack(0x00000058a7800000,0x00000058a7900000)]

Stack: [0x00000058a7800000,0x00000058a7900000]
Native frames: (J=compiled Java code, j=interpreted, Vv=VM code, C=native code)
V  [jvm.dll+0x626eca]
V  [jvm.dll+0x772c6a]
V  [jvm.dll+0x77441f]
V  [jvm.dll+0x774a23]
V  [jvm.dll+0x24da58]
V  [jvm.dll+0x62438a]
V  [jvm.dll+0x618f75]
V  [jvm.dll+0x30c61c]
V  [jvm.dll+0x30c452]
V  [jvm.dll+0x311bc6]
V  [jvm.dll+0x355ce6]
V  [jvm.dll+0x3554c0]
V  [jvm.dll+0x2e729a]
V  [jvm.dll+0x2e8532]
V  [jvm.dll+0x74fcd8]
V  [jvm.dll+0x363739]
V  [jvm.dll+0x732dc5]
V  [jvm.dll+0x3ce2ef]
V  [jvm.dll+0x3d0611]
C  [jli.dll+0x51ff]
C  [ucrtbase.dll+0x20e72]
C  [KERNEL32.DLL+0x17bd4]
C  [ntdll.dll+0x6ced1]


---------------  P R O C E S S  ---------------

Threads class SMR info:
_java_thread_list=0x00007ff8adcc46b8, length=0, elements={
}

Java Threads: ( => current thread )

Other Threads:
  0x000001b251e51800 GCTaskThread "GC Thread#0" [stack: 0x00000058a7900000,0x00000058a7a00000] [id=7560]
  0x000001b251e5a800 ConcurrentGCThread "G1 Main Marker" [stack: 0x00000058a7a00000,0x00000058a7b00000] [id=11308]
  0x000001b251e5d000 ConcurrentGCThread "G1 Conc#0" [stack: 0x00000058a7b00000,0x00000058a7c00000] [id=12388]

[error occurred during error reporting (printing all threads), id 0xc0000005, EXCEPTION_ACCESS_VIOLATION (0xc0000005) at pc=0x00007ff8ad4f6f67]

VM state:not at safepoint (not fully initialized)

VM Mutex/Monitor currently owned by a thread:  ([mutex/lock_event])
[0x000001b251e1bbe0] Heap_lock - owner thread: 0x000001b251e1e000

Heap address: 0x00000000c0e00000, size: 1010 MB, Compressed Oops mode: Non-zero based: 0x00000000c0e00000
Narrow klass base: 0x0000000000000000, Narrow klass shift: 0

GC Heap History (0 events):
No events

Deoptimization events (0 events):
No events

Classes unloaded (0 events):
No events

Classes redefined (0 events):
No events

Internal exceptions (0 events):
No events

Events (8 events):
Event: 0.006 Loaded shared library C:\Program Files\Java\jdk-13.0.1\bin\zip.dll
Event: 0.006 Loaded shared library C:\Program Files\Java\jdk-13.0.1\bin\jimage.dll
Event: 0.007 Loading shared library C:\Program Files\Java\jdk-13.0.1\lib\libjava.base-coop.dll failed, error code 126
Event: 0.007 Loading shared library C:\Program Files\Java\jdk-13.0.1\lib\libjava.logging-coop.dll failed, error code 126
Event: 0.007 Loading shared library C:\Program Files\Java\jdk-13.0.1\lib\libjdk.compiler-coop.dll failed, error code 126
Event: 0.007 Loading shared library C:\Program Files\Java\jdk-13.0.1\lib\libjdk.scripting.nashorn-coop.dll failed, error code 126
Event: 0.007 Loading shared library C:\Program Files\Java\jdk-13.0.1\lib\libjdk.internal.vm.ci-coop.dll failed, error code 126
Event: 0.007 Loading shared library C:\Program Files\Java\jdk-13.0.1\lib\libjdk.internal.vm.compiler-coop.dll failed, error code 126


Dynamic libraries:
0x00007ff7212b0000 - 0x00007ff7212bf000 	C:\Program Files\Java\jdk-13.0.1\bin\java.exe
0x00007ff90d3c0000 - 0x00007ff90d5b0000 	C:\WINDOWS\SYSTEM32\ntdll.dll
0x00007ff90d0d0000 - 0x00007ff90d182000 	C:\WINDOWS\System32\KERNEL32.DLL
0x00007ff90a350000 - 0x00007ff90a5f3000 	C:\WINDOWS\System32\KERNELBASE.dll
0x00007ff90a6e0000 - 0x00007ff90a7da000 	C:\WINDOWS\System32\ucrtbase.dll
0x00007ff8ec5f0000 - 0x00007ff8ec605000 	C:\Program Files\Java\jdk-13.0.1\bin\VCRUNTIME140.dll
0x00007ff8ed3f0000 - 0x00007ff8ed408000 	C:\Program Files\Java\jdk-13.0.1\bin\jli.dll
0x00007ff90bad0000 - 0x00007ff90bb73000 	C:\WINDOWS\System32\ADVAPI32.dll
0x00007ff90b880000 - 0x00007ff90b91e000 	C:\WINDOWS\System32\msvcrt.dll
0x00007ff90cc90000 - 0x00007ff90cd27000 	C:\WINDOWS\System32\sechost.dll
0x00007ff90d200000 - 0x00007ff90d320000 	C:\WINDOWS\System32\RPCRT4.dll
0x00007ff90cd90000 - 0x00007ff90cf24000 	C:\WINDOWS\System32\USER32.dll
0x00007ff90a6b0000 - 0x00007ff90a6d1000 	C:\WINDOWS\System32\win32u.dll
0x00007ff8fd240000 - 0x00007ff8fd4c5000 	C:\WINDOWS\WinSxS\amd64_microsoft.windows.common-controls_6595b64144ccf1df_6.0.18362.720_none_e6beb5c51314836b\COMCTL32.dll
0x00007ff90cd60000 - 0x00007ff90cd86000 	C:\WINDOWS\System32\GDI32.dll
0x00007ff90bc30000 - 0x00007ff90bf66000 	C:\WINDOWS\System32\combase.dll
0x00007ff90b2b0000 - 0x00007ff90b444000 	C:\WINDOWS\System32\gdi32full.dll
0x00007ff90aa90000 - 0x00007ff90ab2e000 	C:\WINDOWS\System32\msvcp_win.dll
0x00007ff90a860000 - 0x00007ff90a8e0000 	C:\WINDOWS\System32\bcryptPrimitives.dll
0x00007ff9030d0000 - 0x00007ff9030da000 	C:\WINDOWS\SYSTEM32\VERSION.dll
0x00007ff90cd30000 - 0x00007ff90cd5e000 	C:\WINDOWS\System32\IMM32.DLL
0x00007ff8d95b0000 - 0x00007ff8d964b000 	C:\Program Files\Java\jdk-13.0.1\bin\msvcp140.dll
0x00007ff8ad200000 - 0x00007ff8add66000 	C:\Program Files\Java\jdk-13.0.1\bin\server\jvm.dll
0x00007ff90b870000 - 0x00007ff90b878000 	C:\WINDOWS\System32\PSAPI.DLL
0x00007ff8f9730000 - 0x00007ff8f9739000 	C:\WINDOWS\SYSTEM32\WSOCK32.dll
0x00007ff907c70000 - 0x00007ff907c94000 	C:\WINDOWS\SYSTEM32\WINMM.dll
0x00007ff90cfe0000 - 0x00007ff90d04f000 	C:\WINDOWS\System32\WS2_32.dll
0x00007ff907c40000 - 0x00007ff907c6d000 	C:\WINDOWS\SYSTEM32\winmmbase.dll
0x00007ff90a7e0000 - 0x00007ff90a82a000 	C:\WINDOWS\System32\cfgmgr32.dll
0x00007ff90a2b0000 - 0x00007ff90a2c1000 	C:\WINDOWS\System32\kernel.appcore.dll
0x00007ff8fd520000 - 0x00007ff8fd530000 	C:\Program Files\Java\jdk-13.0.1\bin\verify.dll
0x00007ff8f9750000 - 0x00007ff8f9944000 	C:\WINDOWS\SYSTEM32\DBGHELP.DLL
0x00007ff8f8fc0000 - 0x00007ff8f8fea000 	C:\WINDOWS\SYSTEM32\dbgcore.DLL
0x00007ff8dd3a0000 - 0x00007ff8dd3c6000 	C:\Program Files\Java\jdk-13.0.1\bin\java.dll
0x00007ff8ddba0000 - 0x00007ff8ddbb7000 	C:\Program Files\Java\jdk-13.0.1\bin\zip.dll
0x00007ff8fd100000 - 0x00007ff8fd10a000 	C:\Program Files\Java\jdk-13.0.1\bin\jimage.dll

dbghelp: loaded successfully - version: 4.0.5 - missing functions: none
symbol engine: initialized successfully - sym options: 0x614 - pdb path: .;C:\Program Files\Java\jdk-13.0.1\bin;C:\WINDOWS\SYSTEM32;C:\WINDOWS\WinSxS\amd64_microsoft.windows.common-controls_6595b64144ccf1df_6.0.18362.720_none_e6beb5c51314836b;C:\Program Files\Java\jdk-13.0.1\bin\server

VM Arguments:
jvm_args: --enable-preview -Dfile.encoding=UTF-8 
java_command: ChooserLauncher
java_class_path (initial): C:\Users\mark\AppData\Roaming\Code\User\workspaceStorage\d23672e55125a8764ae4b0e870a3ca05\redhat.java\jdt_ws\New_ebd13d35\bin
Launcher Type: SUN_STANDARD

[Global flags]
     intx CICompilerCount                          = 4                                         {product} {ergonomic}
     uint ConcGCThreads                            = 3                                         {product} {ergonomic}
     uint G1ConcRefinementThreads                  = 10                                        {product} {ergonomic}
   size_t G1HeapRegionSize                         = 1048576                                   {product} {ergonomic}
    uintx GCDrainStackTargetSize                   = 64                                        {product} {ergonomic}
   size_t InitialHeapSize                          = 67108864                                  {product} {ergonomic}
   size_t MarkStackSize                            = 4194304                                   {product} {ergonomic}
   size_t MaxHeapSize                              = 1059061760                                {product} {ergonomic}
   size_t MinHeapDeltaBytes                        = 1048576                                   {product} {ergonomic}
   size_t MinHeapSize                              = 8388608                                   {product} {ergonomic}
    uintx NonNMethodCodeHeapSize                   = 5836300                                {pd product} {ergonomic}
    uintx NonProfiledCodeHeapSize                  = 122910970                              {pd product} {ergonomic}
    uintx ProfiledCodeHeapSize                     = 122910970                              {pd product} {ergonomic}
    uintx ReservedCodeCacheSize                    = 251658240                              {pd product} {ergonomic}
     bool SegmentedCodeCache                       = true                                      {product} {ergonomic}
   size_t SoftMaxHeapSize                          = 1059061760                             {manageable} {ergonomic}
     bool UseCompressedClassPointers               = true                                 {lp64_product} {ergonomic}
     bool UseCompressedOops                        = true                                 {lp64_product} {ergonomic}
     bool UseG1GC                                  = true                                      {product} {ergonomic}
     bool UseLargePagesIndividualAllocation        = false                                  {pd product} {ergonomic}

Logging:
Log output configuration:
 #0: stdout all=warning uptime,level,tags
 #1: stderr all=off uptime,level,tags

Environment Variables:
JAVA_HOME=C:\Program Files\Java\jdk-13.0.1
PATH=C:\Program Files\Java\jdk-13.0.1\bin;C:\Program Files (x86)\NVIDIA Corporation\PhysX\Common;C:\Program Files (x86)\Common Files\Oracle\Java\javapath;C:\WINDOWS\system32;C:\WINDOWS;C:\WINDOWS\System32\Wbem;C:\WINDOWS\System32\WindowsPowerShell\v1.0\;C:\WINDOWS\System32\OpenSSH\;C:\Program Files\Microsoft VS Code\bin;C:\Program Files\Git\cmd;C:\Users\mark\AppData\Local\Programs\Python\Python37-32\Scripts\;C:\Users\mark\AppData\Local\Programs\Python\Python37-32\;C:\Users\mark\AppData\Local\Microsoft\WindowsApps;C:\MinGW\mingw64\x86_64-w64-mingw32\bin;C:\Users\mark\AppData\Local\GitHubDesktop\bin
USERNAME=mark
OS=Windows_NT
PROCESSOR_IDENTIFIER=AMD64 Family 23 Model 8 Stepping 2, AuthenticAMD



---------------  S Y S T E M  ---------------

OS: Windows 10 , 64 bit Build 18362 (10.0.18362.329)

CPU:total 12 (initial active 12) (12 cores per cpu, 2 threads per core) family 23 model 8 stepping 2, cmov, cx8, fxsr, mmx, sse, sse2, sse3, ssse3, sse4.1, sse4.2, popcnt, avx, avx2, aes, clmul, mmxext, 3dnowpref, lzcnt, sse4a, ht, tsc, tscinvbit, tscinv, bmi1, bmi2, adx, sha, fma

Memory: 4k page, system-wide physical 4032M (30M free)
TotalPageFile size 16320M (AvailPageFile size 58M)
current process WorkingSet (physical memory assigned to process): 10M, peak: 10M
current process commit charge ("private bytes"): 64M, peak: 128M

vm_info: Java HotSpot(TM) 64-Bit Server VM (13.0.1+9) for windows-amd64 JRE (13.0.1+9), built on Oct  6 2019 12:37:49 by "mach5one" with unknown MS VC++:1916

END.
